2023-09-02 04:00:32 error: [POST] /beneficiaries >> StatusCode:: 400, Message:: Unexpected token " in JSON at position 4
2023-09-02 04:04:54 error: [POST] /api/beneficiaries >> StatusCode:: 400, Message:: an unknown value was passed to the validate function
2023-09-02 04:10:11 error: [POST] /api/beneficiaries >> StatusCode:: 400, Message:: an unknown value was passed to the validate function
2023-09-02 04:17:07 error: [POST] /api/beneficiaries >> StatusCode:: 400, Message:: property category should not exist, property bank_name should not exist, payment_type must be a string
2023-09-02 04:19:46 error: [POST] /api/beneficiaries >> StatusCode:: 400, Message:: payment_type must be a string
2023-09-02 04:44:38 error: [GET] /api/beneficiaries/beneficiary_c957b543d6a5a5932edf2a6023d60f16 >> StatusCode:: 400, Message:: [object Object]
2023-09-02 04:48:41 error: [GET] /api/beneficiaries/beneficiary_c957b543d6a5a5932edf2a6023d60f16 >> StatusCode:: 400, Message:: [object Object]
2023-09-02 05:12:25 error: [POST] /api/payouts >> StatusCode:: 400, Message:: [object Object]
2023-09-02 06:30:21 error: [GET] /api/payoutMethods/ae_general_bank/required_fields >> StatusCode:: 400, Message:: [object Object]
2023-09-02 06:33:02 error: [GET] /api/payoutMethods/ae_general_bank/required_fields >> StatusCode:: 400, Message:: [object Object]
2023-09-02 06:34:39 error: [GET] /api/payoutMethods/ae_general_bank/required_fields >> StatusCode:: 400, Message:: [object Object]
2023-09-02 11:49:30 error: [GET] /api/payoutMethods/ae_general_bank/required_fields >> StatusCode:: 400, Message:: [object Object]
2023-09-02 11:51:00 error: [GET] /api/payoutMethods/ae_general_bank/required_fields >> StatusCode:: 400, Message:: [object Object]
2023-09-02 11:51:46 error: [GET] /api/payoutMethods/ae_general_bank/required_fields >> StatusCode:: 400, Message:: [object Object]
2023-09-02 12:12:17 error: [GET] /api/payoutMethods/ae_general_bank/required_fields >> StatusCode:: 400, Message:: [object Object]
2023-09-02 12:16:15 error: [GET] /api/payoutMethods/ae_general_bank/required_fields >> StatusCode:: 400, Message:: [object Object]
2023-09-02 12:22:59 error: [GET] /api/payoutMethods/ae_general_bank/required_fields >> StatusCode:: 400, Message:: [object Object]
2023-09-02 12:23:33 error: [GET] /api/payoutMethods/ae_general_bank/required_fields >> StatusCode:: 400, Message:: [object Object]
2023-09-02 12:34:00 error: [GET] /api/payoutMethods/ae_general_bank/required_fields >> StatusCode:: 400, Message:: [object Object]
2023-09-02 12:34:22 error: uncaughtException: Cannot read properties of undefined (reading 'split')
TypeError: Cannot read properties of undefined (reading 'split')
    at getQueryParams (/Users/mac/Desktop/sammy23/gig-economy-payment-app/backend/node_modules/routing-controllers-openapi/src/generateSpec.ts:177:46)
    at getOperation (/Users/mac/Desktop/sammy23/gig-economy-payment-app/backend/node_modules/routing-controllers-openapi/src/generateSpec.ts:42:10)
    at /Users/mac/Desktop/sammy23/gig-economy-payment-app/backend/node_modules/routing-controllers-openapi/src/generateSpec.ts:78:28
    at Array.map (<anonymous>)
    at getPaths (/Users/mac/Desktop/sammy23/gig-economy-payment-app/backend/node_modules/routing-controllers-openapi/src/generateSpec.ts:76:29)
    at getSpec (/Users/mac/Desktop/sammy23/gig-economy-payment-app/backend/node_modules/routing-controllers-openapi/src/generateSpec.ts:291:12)
    at routingControllersToSpec (/Users/mac/Desktop/sammy23/gig-economy-payment-app/backend/node_modules/routing-controllers-openapi/src/index.ts:28:23)
    at App.initializeSwagger (/Users/mac/Desktop/sammy23/gig-economy-payment-app/backend/src/app.ts:78:46)
    at new App (/Users/mac/Desktop/sammy23/gig-economy-payment-app/backend/src/app.ts:29:14)
    at Object.<anonymous> (/Users/mac/Desktop/sammy23/gig-economy-payment-app/backend/src/server.ts:16:13)
2023-09-02 12:34:44 error: uncaughtException: Cannot read properties of undefined (reading 'split')
TypeError: Cannot read properties of undefined (reading 'split')
    at getQueryParams (/Users/mac/Desktop/sammy23/gig-economy-payment-app/backend/node_modules/routing-controllers-openapi/src/generateSpec.ts:177:46)
    at getOperation (/Users/mac/Desktop/sammy23/gig-economy-payment-app/backend/node_modules/routing-controllers-openapi/src/generateSpec.ts:42:10)
    at /Users/mac/Desktop/sammy23/gig-economy-payment-app/backend/node_modules/routing-controllers-openapi/src/generateSpec.ts:78:28
    at Array.map (<anonymous>)
    at getPaths (/Users/mac/Desktop/sammy23/gig-economy-payment-app/backend/node_modules/routing-controllers-openapi/src/generateSpec.ts:76:29)
    at getSpec (/Users/mac/Desktop/sammy23/gig-economy-payment-app/backend/node_modules/routing-controllers-openapi/src/generateSpec.ts:291:12)
    at routingControllersToSpec (/Users/mac/Desktop/sammy23/gig-economy-payment-app/backend/node_modules/routing-controllers-openapi/src/index.ts:28:23)
    at App.initializeSwagger (/Users/mac/Desktop/sammy23/gig-economy-payment-app/backend/src/app.ts:78:46)
    at new App (/Users/mac/Desktop/sammy23/gig-economy-payment-app/backend/src/app.ts:29:14)
    at Object.<anonymous> (/Users/mac/Desktop/sammy23/gig-economy-payment-app/backend/src/server.ts:16:13)
2023-09-02 12:35:13 error: uncaughtException: Cannot read properties of undefined (reading 'split')
TypeError: Cannot read properties of undefined (reading 'split')
    at getQueryParams (/Users/mac/Desktop/sammy23/gig-economy-payment-app/backend/node_modules/routing-controllers-openapi/src/generateSpec.ts:177:46)
    at getOperation (/Users/mac/Desktop/sammy23/gig-economy-payment-app/backend/node_modules/routing-controllers-openapi/src/generateSpec.ts:42:10)
    at /Users/mac/Desktop/sammy23/gig-economy-payment-app/backend/node_modules/routing-controllers-openapi/src/generateSpec.ts:78:28
    at Array.map (<anonymous>)
    at getPaths (/Users/mac/Desktop/sammy23/gig-economy-payment-app/backend/node_modules/routing-controllers-openapi/src/generateSpec.ts:76:29)
    at getSpec (/Users/mac/Desktop/sammy23/gig-economy-payment-app/backend/node_modules/routing-controllers-openapi/src/generateSpec.ts:291:12)
    at routingControllersToSpec (/Users/mac/Desktop/sammy23/gig-economy-payment-app/backend/node_modules/routing-controllers-openapi/src/index.ts:28:23)
    at App.initializeSwagger (/Users/mac/Desktop/sammy23/gig-economy-payment-app/backend/src/app.ts:78:46)
    at new App (/Users/mac/Desktop/sammy23/gig-economy-payment-app/backend/src/app.ts:29:14)
    at Object.<anonymous> (/Users/mac/Desktop/sammy23/gig-economy-payment-app/backend/src/server.ts:16:13)
2023-09-02 12:35:37 error: uncaughtException: Cannot read properties of undefined (reading 'split')
TypeError: Cannot read properties of undefined (reading 'split')
    at getQueryParams (/Users/mac/Desktop/sammy23/gig-economy-payment-app/backend/node_modules/routing-controllers-openapi/src/generateSpec.ts:177:46)
    at getOperation (/Users/mac/Desktop/sammy23/gig-economy-payment-app/backend/node_modules/routing-controllers-openapi/src/generateSpec.ts:42:10)
    at /Users/mac/Desktop/sammy23/gig-economy-payment-app/backend/node_modules/routing-controllers-openapi/src/generateSpec.ts:78:28
    at Array.map (<anonymous>)
    at getPaths (/Users/mac/Desktop/sammy23/gig-economy-payment-app/backend/node_modules/routing-controllers-openapi/src/generateSpec.ts:76:29)
    at getSpec (/Users/mac/Desktop/sammy23/gig-economy-payment-app/backend/node_modules/routing-controllers-openapi/src/generateSpec.ts:291:12)
    at routingControllersToSpec (/Users/mac/Desktop/sammy23/gig-economy-payment-app/backend/node_modules/routing-controllers-openapi/src/index.ts:28:23)
    at App.initializeSwagger (/Users/mac/Desktop/sammy23/gig-economy-payment-app/backend/src/app.ts:78:46)
    at new App (/Users/mac/Desktop/sammy23/gig-economy-payment-app/backend/src/app.ts:29:14)
    at Object.<anonymous> (/Users/mac/Desktop/sammy23/gig-economy-payment-app/backend/src/server.ts:16:13)
2023-09-02 12:50:19 error: uncaughtException: Cannot read properties of undefined (reading 'split')
TypeError: Cannot read properties of undefined (reading 'split')
    at getQueryParams (/Users/mac/Desktop/sammy23/gig-economy-payment-app/backend/node_modules/routing-controllers-openapi/src/generateSpec.ts:177:46)
    at getOperation (/Users/mac/Desktop/sammy23/gig-economy-payment-app/backend/node_modules/routing-controllers-openapi/src/generateSpec.ts:42:10)
    at /Users/mac/Desktop/sammy23/gig-economy-payment-app/backend/node_modules/routing-controllers-openapi/src/generateSpec.ts:78:28
    at Array.map (<anonymous>)
    at getPaths (/Users/mac/Desktop/sammy23/gig-economy-payment-app/backend/node_modules/routing-controllers-openapi/src/generateSpec.ts:76:29)
    at getSpec (/Users/mac/Desktop/sammy23/gig-economy-payment-app/backend/node_modules/routing-controllers-openapi/src/generateSpec.ts:291:12)
    at routingControllersToSpec (/Users/mac/Desktop/sammy23/gig-economy-payment-app/backend/node_modules/routing-controllers-openapi/src/index.ts:28:23)
    at App.initializeSwagger (/Users/mac/Desktop/sammy23/gig-economy-payment-app/backend/src/app.ts:78:46)
    at new App (/Users/mac/Desktop/sammy23/gig-economy-payment-app/backend/src/app.ts:29:14)
    at Object.<anonymous> (/Users/mac/Desktop/sammy23/gig-economy-payment-app/backend/src/server.ts:16:13)
2023-09-02 13:00:02 error: uncaughtException: Cannot read properties of undefined (reading 'split')
TypeError: Cannot read properties of undefined (reading 'split')
    at getQueryParams (/Users/mac/Desktop/sammy23/gig-economy-payment-app/backend/node_modules/routing-controllers-openapi/src/generateSpec.ts:177:46)
    at getOperation (/Users/mac/Desktop/sammy23/gig-economy-payment-app/backend/node_modules/routing-controllers-openapi/src/generateSpec.ts:42:10)
    at /Users/mac/Desktop/sammy23/gig-economy-payment-app/backend/node_modules/routing-controllers-openapi/src/generateSpec.ts:78:28
    at Array.map (<anonymous>)
    at getPaths (/Users/mac/Desktop/sammy23/gig-economy-payment-app/backend/node_modules/routing-controllers-openapi/src/generateSpec.ts:76:29)
    at getSpec (/Users/mac/Desktop/sammy23/gig-economy-payment-app/backend/node_modules/routing-controllers-openapi/src/generateSpec.ts:291:12)
    at routingControllersToSpec (/Users/mac/Desktop/sammy23/gig-economy-payment-app/backend/node_modules/routing-controllers-openapi/src/index.ts:28:23)
    at App.initializeSwagger (/Users/mac/Desktop/sammy23/gig-economy-payment-app/backend/src/app.ts:78:46)
    at new App (/Users/mac/Desktop/sammy23/gig-economy-payment-app/backend/src/app.ts:29:14)
    at Object.<anonymous> (/Users/mac/Desktop/sammy23/gig-economy-payment-app/backend/src/server.ts:16:13)
2023-09-02 13:00:47 error: [GET] /api/payoutMethods/ae_general_bank/required_fields >> StatusCode:: 500, Message:: Invalid queries, check 'errors' property for more info.
2023-09-02 13:03:32 error: [GET] /api/payoutMethods/ae_general_bank/required_fields >> StatusCode:: 500, Message:: Invalid queries, check 'errors' property for more info.
2023-09-02 13:04:25 error: [GET] /api/payoutMethods/ae_general_bank/required_fields >> StatusCode:: 500, Message:: Invalid queries, check 'errors' property for more info.
2023-09-02 13:06:53 error: uncaughtException: Cannot read properties of undefined (reading 'split')
TypeError: Cannot read properties of undefined (reading 'split')
    at getQueryParams (/Users/mac/Desktop/sammy23/gig-economy-payment-app/backend/node_modules/routing-controllers-openapi/src/generateSpec.ts:177:46)
    at getOperation (/Users/mac/Desktop/sammy23/gig-economy-payment-app/backend/node_modules/routing-controllers-openapi/src/generateSpec.ts:42:10)
    at /Users/mac/Desktop/sammy23/gig-economy-payment-app/backend/node_modules/routing-controllers-openapi/src/generateSpec.ts:78:28
    at Array.map (<anonymous>)
    at getPaths (/Users/mac/Desktop/sammy23/gig-economy-payment-app/backend/node_modules/routing-controllers-openapi/src/generateSpec.ts:76:29)
    at getSpec (/Users/mac/Desktop/sammy23/gig-economy-payment-app/backend/node_modules/routing-controllers-openapi/src/generateSpec.ts:291:12)
    at routingControllersToSpec (/Users/mac/Desktop/sammy23/gig-economy-payment-app/backend/node_modules/routing-controllers-openapi/src/index.ts:28:23)
    at App.initializeSwagger (/Users/mac/Desktop/sammy23/gig-economy-payment-app/backend/src/app.ts:78:46)
    at new App (/Users/mac/Desktop/sammy23/gig-economy-payment-app/backend/src/app.ts:29:14)
    at Object.<anonymous> (/Users/mac/Desktop/sammy23/gig-economy-payment-app/backend/src/server.ts:16:13)
2023-09-02 18:54:55 error: uncaughtException: Cannot read properties of undefined (reading 'split')
TypeError: Cannot read properties of undefined (reading 'split')
    at getQueryParams (/Users/mac/Desktop/sammy23/gig-economy-payment-app/backend/node_modules/routing-controllers-openapi/src/generateSpec.ts:177:46)
    at getOperation (/Users/mac/Desktop/sammy23/gig-economy-payment-app/backend/node_modules/routing-controllers-openapi/src/generateSpec.ts:42:10)
    at /Users/mac/Desktop/sammy23/gig-economy-payment-app/backend/node_modules/routing-controllers-openapi/src/generateSpec.ts:78:28
    at Array.map (<anonymous>)
    at getPaths (/Users/mac/Desktop/sammy23/gig-economy-payment-app/backend/node_modules/routing-controllers-openapi/src/generateSpec.ts:76:29)
    at getSpec (/Users/mac/Desktop/sammy23/gig-economy-payment-app/backend/node_modules/routing-controllers-openapi/src/generateSpec.ts:291:12)
    at routingControllersToSpec (/Users/mac/Desktop/sammy23/gig-economy-payment-app/backend/node_modules/routing-controllers-openapi/src/index.ts:28:23)
    at App.initializeSwagger (/Users/mac/Desktop/sammy23/gig-economy-payment-app/backend/src/app.ts:78:46)
    at new App (/Users/mac/Desktop/sammy23/gig-economy-payment-app/backend/src/app.ts:29:14)
    at Object.<anonymous> (/Users/mac/Desktop/sammy23/gig-economy-payment-app/backend/src/server.ts:16:13)
2023-09-02 18:55:29 error: uncaughtException: Cannot read properties of undefined (reading 'split')
TypeError: Cannot read properties of undefined (reading 'split')
    at getQueryParams (/Users/mac/Desktop/sammy23/gig-economy-payment-app/backend/node_modules/routing-controllers-openapi/src/generateSpec.ts:177:46)
    at getOperation (/Users/mac/Desktop/sammy23/gig-economy-payment-app/backend/node_modules/routing-controllers-openapi/src/generateSpec.ts:42:10)
    at /Users/mac/Desktop/sammy23/gig-economy-payment-app/backend/node_modules/routing-controllers-openapi/src/generateSpec.ts:78:28
    at Array.map (<anonymous>)
    at getPaths (/Users/mac/Desktop/sammy23/gig-economy-payment-app/backend/node_modules/routing-controllers-openapi/src/generateSpec.ts:76:29)
    at getSpec (/Users/mac/Desktop/sammy23/gig-economy-payment-app/backend/node_modules/routing-controllers-openapi/src/generateSpec.ts:291:12)
    at routingControllersToSpec (/Users/mac/Desktop/sammy23/gig-economy-payment-app/backend/node_modules/routing-controllers-openapi/src/index.ts:28:23)
    at App.initializeSwagger (/Users/mac/Desktop/sammy23/gig-economy-payment-app/backend/src/app.ts:78:46)
    at new App (/Users/mac/Desktop/sammy23/gig-economy-payment-app/backend/src/app.ts:29:14)
    at Object.<anonymous> (/Users/mac/Desktop/sammy23/gig-economy-payment-app/backend/src/server.ts:16:13)
2023-09-02 19:02:35 error: [GET] /api/payoutMethods/ae_general_bank/required_fields >> StatusCode:: 500, Message:: Invalid queries, check 'errors' property for more info.
2023-09-02 19:05:10 error: [GET] /api/payoutMethods/ae_general_bank/required_fields >> StatusCode:: 500, Message:: Invalid queries, check 'errors' property for more info.
2023-09-02 19:48:34 error: uncaughtException: Cannot read properties of undefined (reading 'split')
TypeError: Cannot read properties of undefined (reading 'split')
    at getQueryParams (/Users/mac/Desktop/sammy23/gig-economy-payment-app/backend/node_modules/routing-controllers-openapi/src/generateSpec.ts:177:46)
    at getOperation (/Users/mac/Desktop/sammy23/gig-economy-payment-app/backend/node_modules/routing-controllers-openapi/src/generateSpec.ts:42:10)
    at /Users/mac/Desktop/sammy23/gig-economy-payment-app/backend/node_modules/routing-controllers-openapi/src/generateSpec.ts:78:28
    at Array.map (<anonymous>)
    at getPaths (/Users/mac/Desktop/sammy23/gig-economy-payment-app/backend/node_modules/routing-controllers-openapi/src/generateSpec.ts:76:29)
    at getSpec (/Users/mac/Desktop/sammy23/gig-economy-payment-app/backend/node_modules/routing-controllers-openapi/src/generateSpec.ts:291:12)
    at routingControllersToSpec (/Users/mac/Desktop/sammy23/gig-economy-payment-app/backend/node_modules/routing-controllers-openapi/src/index.ts:28:23)
    at App.initializeSwagger (/Users/mac/Desktop/sammy23/gig-economy-payment-app/backend/src/app.ts:78:46)
    at new App (/Users/mac/Desktop/sammy23/gig-economy-payment-app/backend/src/app.ts:29:14)
    at Object.<anonymous> (/Users/mac/Desktop/sammy23/gig-economy-payment-app/backend/src/server.ts:16:13)
2023-09-02 19:49:30 error: uncaughtException: Cannot read properties of undefined (reading 'split')
TypeError: Cannot read properties of undefined (reading 'split')
    at getQueryParams (/Users/mac/Desktop/sammy23/gig-economy-payment-app/backend/node_modules/routing-controllers-openapi/src/generateSpec.ts:177:46)
    at getOperation (/Users/mac/Desktop/sammy23/gig-economy-payment-app/backend/node_modules/routing-controllers-openapi/src/generateSpec.ts:42:10)
    at /Users/mac/Desktop/sammy23/gig-economy-payment-app/backend/node_modules/routing-controllers-openapi/src/generateSpec.ts:78:28
    at Array.map (<anonymous>)
    at getPaths (/Users/mac/Desktop/sammy23/gig-economy-payment-app/backend/node_modules/routing-controllers-openapi/src/generateSpec.ts:76:29)
    at getSpec (/Users/mac/Desktop/sammy23/gig-economy-payment-app/backend/node_modules/routing-controllers-openapi/src/generateSpec.ts:291:12)
    at routingControllersToSpec (/Users/mac/Desktop/sammy23/gig-economy-payment-app/backend/node_modules/routing-controllers-openapi/src/index.ts:28:23)
    at App.initializeSwagger (/Users/mac/Desktop/sammy23/gig-economy-payment-app/backend/src/app.ts:78:46)
    at new App (/Users/mac/Desktop/sammy23/gig-economy-payment-app/backend/src/app.ts:29:14)
    at Object.<anonymous> (/Users/mac/Desktop/sammy23/gig-economy-payment-app/backend/src/server.ts:16:13)
2023-09-02 19:50:53 error: [GET] /api/payoutMethods/ae_general_bank/required_fields >> StatusCode:: 500, Message:: Invalid queries, check 'errors' property for more info.
2023-09-02 19:50:54 error: [GET] /api/payoutMethods/ae_general_bank/required_fields >> StatusCode:: 500, Message:: Invalid queries, check 'errors' property for more info.
2023-09-02 19:52:05 error: uncaughtException: Cannot find module '@/models/PayoutMethodRequiredFields'
Require stack:
- /Users/mac/Desktop/sammy23/gig-economy-payment-app/backend/src/controllers/payouts.ts
- /Users/mac/Desktop/sammy23/gig-economy-payment-app/backend/src/server.ts
Error: Cannot find module '@/models/PayoutMethodRequiredFields'
Require stack:
- /Users/mac/Desktop/sammy23/gig-economy-payment-app/backend/src/controllers/payouts.ts
- /Users/mac/Desktop/sammy23/gig-economy-payment-app/backend/src/server.ts
    at Function.Module._resolveFilename (node:internal/modules/cjs/loader:933:15)
    at Function.Module._resolveFilename.sharedData.moduleResolveFilenameHook.installedValue (/Users/mac/Desktop/sammy23/gig-economy-payment-app/backend/node_modules/@cspotcode/source-map-support/source-map-support.js:811:30)
    at Function.Module._resolveFilename (/Users/mac/Desktop/sammy23/gig-economy-payment-app/backend/node_modules/tsconfig-paths/src/register.ts:115:36)
    at Function.Module._load (node:internal/modules/cjs/loader:778:27)
    at Module.require (node:internal/modules/cjs/loader:1005:19)
    at require (node:internal/modules/cjs/helpers:102:18)
    at Object.<anonymous> (/Users/mac/Desktop/sammy23/gig-economy-payment-app/backend/src/controllers/payouts.ts:7:1)
    at Module._compile (node:internal/modules/cjs/loader:1105:14)
    at Module.m._compile (/Users/mac/Desktop/sammy23/gig-economy-payment-app/backend/node_modules/ts-node/src/index.ts:1618:23)
    at Module._extensions..js (node:internal/modules/cjs/loader:1159:10)
2023-09-02 19:52:36 error: [GET] /api/payoutMethods >> StatusCode:: 400, Message:: [object Object]
2023-09-02 19:52:52 error: [GET] /api/payoutMethods >> StatusCode:: 400, Message:: [object Object]
2023-09-02 19:58:19 error: uncaughtException: Unexpected MODIFIER at 18, expected END
TypeError: Unexpected MODIFIER at 18, expected END
    at mustConsume (/Users/mac/Desktop/sammy23/gig-economy-payment-app/backend/node_modules/routing-controllers-openapi/node_modules/path-to-regexp/src/index.ts:157:11)
    at Object.parse (/Users/mac/Desktop/sammy23/gig-economy-payment-app/backend/node_modules/routing-controllers-openapi/node_modules/path-to-regexp/src/index.ts:227:5)
    at expressToOpenAPIPath (/Users/mac/Desktop/sammy23/gig-economy-payment-app/backend/node_modules/routing-controllers-openapi/src/generateSpec.ts:313:31)
    at getFullPath (/Users/mac/Desktop/sammy23/gig-economy-payment-app/backend/node_modules/routing-controllers-openapi/src/generateSpec.ts:27:10)
    at /Users/mac/Desktop/sammy23/gig-economy-payment-app/backend/node_modules/routing-controllers-openapi/src/generateSpec.ts:77:6
    at Array.map (<anonymous>)
    at getPaths (/Users/mac/Desktop/sammy23/gig-economy-payment-app/backend/node_modules/routing-controllers-openapi/src/generateSpec.ts:76:29)
    at getSpec (/Users/mac/Desktop/sammy23/gig-economy-payment-app/backend/node_modules/routing-controllers-openapi/src/generateSpec.ts:291:12)
    at routingControllersToSpec (/Users/mac/Desktop/sammy23/gig-economy-payment-app/backend/node_modules/routing-controllers-openapi/src/index.ts:28:23)
    at App.initializeSwagger (/Users/mac/Desktop/sammy23/gig-economy-payment-app/backend/src/app.ts:78:46)
2023-09-02 19:59:13 error: uncaughtException: Unexpected MODIFIER at 18, expected END
TypeError: Unexpected MODIFIER at 18, expected END
    at mustConsume (/Users/mac/Desktop/sammy23/gig-economy-payment-app/backend/node_modules/routing-controllers-openapi/node_modules/path-to-regexp/src/index.ts:157:11)
    at Object.parse (/Users/mac/Desktop/sammy23/gig-economy-payment-app/backend/node_modules/routing-controllers-openapi/node_modules/path-to-regexp/src/index.ts:227:5)
    at expressToOpenAPIPath (/Users/mac/Desktop/sammy23/gig-economy-payment-app/backend/node_modules/routing-controllers-openapi/src/generateSpec.ts:313:31)
    at getFullPath (/Users/mac/Desktop/sammy23/gig-economy-payment-app/backend/node_modules/routing-controllers-openapi/src/generateSpec.ts:27:10)
    at /Users/mac/Desktop/sammy23/gig-economy-payment-app/backend/node_modules/routing-controllers-openapi/src/generateSpec.ts:77:6
    at Array.map (<anonymous>)
    at getPaths (/Users/mac/Desktop/sammy23/gig-economy-payment-app/backend/node_modules/routing-controllers-openapi/src/generateSpec.ts:76:29)
    at getSpec (/Users/mac/Desktop/sammy23/gig-economy-payment-app/backend/node_modules/routing-controllers-openapi/src/generateSpec.ts:291:12)
    at routingControllersToSpec (/Users/mac/Desktop/sammy23/gig-economy-payment-app/backend/node_modules/routing-controllers-openapi/src/index.ts:28:23)
    at App.initializeSwagger (/Users/mac/Desktop/sammy23/gig-economy-payment-app/backend/src/app.ts:78:46)
